------- FILE puzzlebubble.a LEVEL 1 PASS 3
      1  fffe					      processor	6502
      2  10000 ????				       include	"vcs.h"
      3  10000 ????				       include	"macro.h"
      4  10000 ????				       include	"xmacro.h"
      5  10000 ????						;;;;;;;;;;;;;;;;;;;;;;;;;;;;;;;;;;;;;;;;;;;;;;;;;;;;;;;;;;;;;;;
      6  10000 ????						;;;;;;;;;;;;;;;;;;;;;;;;;;;;;;;;;;;;;;;;;;;;;;;;;;;;;;;;;;;;;;;
      7  10000 ????						;;;;;;;;;;;;;;;;;;;;;;;;;;;;;;;;;;;;;;;;;;;;;;;;;;;;;;;;;;;;;;;
      8  10000 ????						; Generic Constants
      9  10000 ????
     10  10000 ????						; ---- COLORS
     11  10000 ????		00 00	    CONS_COLOR_BLACK EQU	$00
     12  10000 ????		00 46	    CONS_COLOR_RED EQU	$46
     13  10000 ????		00 38	    CONS_COLOR_ORANGE EQU	$38
     14  10000 ????		00 1e	    CONS_COLOR_YELLOW EQU	$1E
     15  10000 ????		00 c6	    CONS_COLOR_GREEN EQU	$C6
     16  10000 ????		00 a6	    CONS_COLOR_BLUE EQU	$A6
     17  10000 ????		00 64	    CONS_COLOR_PURPLE EQU	$64
     18  10000 ????
     19  10000 ????		00 3c	    CONS_COLOR_PINK EQU	$3C
     20  10000 ????		00 8d	    CONS_COLOR_TEAL EQU	$8D
     21  10000 ????		00 ca	    CONS_COLOR_CHART EQU	$CA
     22  10000 ????		00 e1	    CONS_COLOR_GREY EQU	$E1
     23  10000 ????		00 ef	    CONS_COLOR_WHITE EQU	$EF
     24  10000 ????						; ---- COLORS in Relation to OBJECTS
     25  10000 ????		00 00	    CONS_COLOR_BLOCK_BACKGROUND EQU	#CONS_COLOR_BLACK
     26  10000 ????		00 8d	    CONS_COLOR_BORDERS EQU	#CONS_COLOR_TEAL
     27  10000 ????
     28  10000 ????						; ---- Joystick stuff
     29  10000 ????		00 80	    CONS_P0_STARTING_JOYSTICK_BYTE EQU	%10000000
     30  10000 ????		00 08	    CONS_P1_STARTING_JOYSTICK_BYTE EQU	%00001000
     31  10000 ????						;;;;;;;;;;;;;;;;;;;;;;;;;;;;;;;;;;;;;;;;;;;;;;;;;;;;;;;;;;;;;;;
     32  10000 ????						;;;;;;;;;;;;;;;;;;;;;;;;;;;;;;;;;;;;;;;;;;;;;;;;;;;;;;;;;;;;;;;
     33  10000 ????						;;;;;;;;;;;;;;;;;;;;;;;;;;;;;;;;;;;;;;;;;;;;;;;;;;;;;;;;;;;;;;;
     34  10000 ????						; Macros
     35  10000 ????						;--------
     36  10000 ????						; FLIP_BOOL
     37  10000 ????						; Original author: Andy Garber
     38  10000 ????						; Takes a memory address and flips it's value than stores it
     39  10000 ????						; Assumes the Memory address value is 1 or 0
     40  10000 ????						; usage: FLIP_BOOL SomeAddress
     41  10000 ????				       MAC	flip_bool
     42  10000 ????			    .MEMADDR   SET	{1}
     43  10000 ????				       lda	.MEMADDR
     44  10000 ????				       EOR	#$01
     45  10000 ????				       sta	.MEMADDR
     46  10000 ????				       ENDM
     47  10000 ????						;--------
     48  10000 ????						; LOAD_POINTER_WITH_DATA
     49  10000 ????						; Original author: Andy Garber
     50  10000 ????						; Loads a pointer with low byte than high byte address of data object
     51  10000 ????						; usage: LOAD_POINTER_WITH_DATA pointer data
     52  10000 ????				       MAC	load_pointer_with_data
     53  10000 ????			    .POINTER   SET	{1}
     54  10000 ????			    .DATA_BLOB SET	{2}
     55  10000 ????				       lda	#<.DATA_BLOB
     56  10000 ????				       sta	.POINTER
     57  10000 ????				       lda	#>.DATA_BLOB
     58  10000 ????				       sta	.POINTER+1
     59  10000 ????				       ENDM
     60  10000 ????						;;;;;;;;;;;;;;;;;;;;;;;;;;;;;;;;;;;;;;;;;;;;;;;;;;;;;;;;;;;;;;;
     61  10000 ????						;;;;;;;;;;;;;;;;;;;;;;;;;;;;;;;;;;;;;;;;;;;;;;;;;;;;;;;;;;;;;;;
     62  10000 ????						;;;;;;;;;;;;;;;;;;;;;;;;;;;;;;;;;;;;;;;;;;;;;;;;;;;;;;;;;;;;;;;
     63  10000 ????						; Variables segment
     64  10000 ????
     65 U00f6 ????				      seg.u	Variables
     66 U0080					      org	$80
     67 U0080
     68 U0080							; ---- Generic        
     69 U0080		       00	   boolBase   .byte.b
     70 U0081		       00	   LineIdx    .byte.b
     71 U0082		       00	   RowIdx     .byte.b
     72 U0083		       00 00	   Ptr_A      .DS	2
     73 U0085		       00 00	   Ptr_B      .DS	2
     74 U0087		       00 00	   Ptr_C      .DS	2
     75 U0089							; ---- Playfield
     76 U0089		       00 26	   CONS_LEFT_WALL EQU	#$26
     77 U0089		       00 7b	   CONS_RIGHT_WALL EQU	#$7B
     78 U0089		       00 00	   CONS_TOP_WALL EQU	#00
     79 U0089		       00 0a	   CONS_TILE_HEIGHT EQU	#10
     80 U0089		       00 11	   CONS_TILE_WIDTH EQU	#17	; ONLY for collision
     81 U0089		       00 0b	   CONS_TILE_ROWS EQU	#11	; Has to be 11 otherwise things go wiggity wiggity wiggity whack
     82 U0089		       00 05	   CONS_TILE_COLS EQU	#5
     83 U0089		       00 37	   CONS_TILE_MAX EQU	#CONS_TILE_ROWS * #CONS_TILE_COLS
     84 U0089							;org $90
     85 U0089		       00 00 00 00*PF_BallStates_All .DS	#CONS_TILE_MAX
     86 U00c0		       00 00 00 00*PF_BallStates_Current .DS	#CONS_TILE_COLS+1	; the +1 is for storing the background color. Performance thing.
     87 U00c6		       00 00 00 00*PF_RowIndexes .DS	#CONS_TILE_ROWS
     88 U00d1		       00 00 00    PF_TopRow  .DS	3	; 0 == index of row that should be our top, 1 = count til lower,2 = max counts
     89 U00d4							; ---- Player
     90 U00d4		       00 4d	   CONS_LAUNCH_START_X EQU	#CONS_LEFT_WALL+(3*13)
     91 U00d4		       00 78	   CONS_LAUNCH_START_Y EQU	#CONS_TOP_WALL+(#CONS_TILE_HEIGHT*12)+0
     92 U00d4		       00 01	   CONS_LAUNCHER_IDX_STEP EQU	#01
     93 U00d4		       00 02	   CONS_PLAYER_HEIGHT EQU	#02
     94 U00d4		       00 ff	   CONS_PLAYER_WIDTH EQU	#%11111111	;#%11100000 --> 3 byte
     95 U00d4		       00 08	   CONS_PLAYER_WIDTH_PIXELS EQU	#8
     96 U00d4		       00 02	   CONS_PLAYER_SPEED_Y EQU	#CONS_PLAYER_HEIGHT	;2 gives me 5 steps per 10
     97 U00d4		       00 09	   CONS_PLAYER_SPEED_X EQU	#9	; 3 width 3 speed == 5 steps								 
     98 U00d4							; 6 with 6 steps == 3 steps
     99 U00d4
    100 U00d4		       00 00	   CONS_PLAYER_STATE_AIMING EQU	#$00	; In use
    101 U00d4		       00 01	   CONS_PLAYER_STATE_MOVING EQU	#$01	; In use
    102 U00d4		       00 02	   CONS_PLAYER_STATE_COLLISION_CHECK EQU	#$02	; Not in use, in case we need time
    103 U00d4		       00 03	   CONS_PLAYER_STATE_COLLISION_SET EQU	#$03	; not in use, in case we need time
    104 U00d4							; -- X
    105 U00d4		       00 00	   PlayerXPos .DS	2
    106 U00d6		       00	   PlayerDirX .byte.b
    107 U00d7		       00 00	   Tick_PlayerX_Step .DS	2	; 0 == current, 1 == max
    108 U00d9		       00 00	   PlayerRow  .DS	2
    109 U00db							; -- Y
    110 U00db		       00 00	   PlayerYPos .DS	2
    111 U00dd		       00	   PlayerDirY .byte.b
    112 U00de		       00 00	   Tick_PlayerY_Step .DS	2	; 0 == current, 1 == max 
    113 U00e0		       00 00	   PlayerCol  .DS	2
    114 U00e2							; ---- Color
    115 U00e2		       00 00 00    PlayerColor .DS	3	; 0 == current, 1 == next player, aka launcher color, 2 == next block for check
    116 U00e5							; ---- State
    117 U00f0					      org	$F0
    118 U00f0		       00	   PlayerState .byte.b
    119 U00f1							; ---- Misc
    120 U00f1		       00	   PlayerLauncherIdx .byte.b
    121 U00f2		       00 00	   PlayerInputSettings .DS	2	; 0 == current, 1 == previous
    122 U00f4
    123 U00f4
    124 U00f4							; -- Debug stuff, used to add 2 bytes at end to see how much we are 
    125 U00f4		       00 00	   PF_TEMP    .DS	2
    126 U00f6							;;;;;;;;;;;;;;;;;;;;;;;;;;;;;;;;;;;;;;;;;;;;;;;;;;;;;;;;;;;;;;;
    127 U00f6							;;;;;;;;;;;;;;;;;;;;;;;;;;;;;;;;;;;;;;;;;;;;;;;;;;;;;;;;;;;;;;;
    128 U00f6							;;;;;;;;;;;;;;;;;;;;;;;;;;;;;;;;;;;;;;;;;;;;;;;;;;;;;;;;;;;;;;;
    129 U00f6							; Code segment
    130  10000 ????				       seg	Code
    131  f000					      org	$f000
    132  f000				   Start
puzzlebubble.a (133): error: Unknown Mnemonic 'CLEAN_START'.
    133  f000					      CLEAN_START
    134  f000							; These are so I can see where we are writing too
    135  f000		       a9 fe		      lda	#$FE
    136  f002		       85 f4		      sta	PF_TEMP
    137  f004		       a9 ff		      lda	#$FF
    138  f006		       85 f5		      sta	PF_TEMP+1
    139  f008		       a9 8d		      lda	#CONS_COLOR_BORDERS
    140  f00a		       8d 00 00 	      sta	COLUP1
    141  f00d							;;;;;;;;;;;;;;;;;;;;;;;;;;;;;;;;;;;;;;;;;;;;;;;;;;;;;;;;;;;;;;;
    142  f00d				   SetupLevel
    143  f00d		       20 d1 f2 	      jsr	spawnBallAtLauncher
    144  f010		       a9 00		      lda	#$00
    145  f012		       85 d1		      sta	PF_TopRow
    146  f014		       a9 03		      lda	#$03	; 3 shots until we lower the row
    147  f016		       85 d2		      sta	PF_TopRow+1
    148  f018		       85 d3		      sta	PF_TopRow+2
    149  f01a							; PF_Level_Color
    150  f01a		       a2 36		      ldx	#CONS_TILE_MAX-1
    151  f01c				   blankLevelColrs_Colors
    152  f01c		       a9 00		      lda	#CONS_COLOR_BLOCK_BACKGROUND
    153  f01e		       95 89		      sta	PF_BallStates_All,x
    154  f020		       ca		      dex
    155  f021		       10 f9		      bpl	blankLevelColrs_Colors
    156  f023
    157  f023							; Set level data
      0  f023					      LOAD_POINTER_WITH_DATA	Ptr_A,PF_Level_Colors	; TODO this should be setup ONCE than forgotten!!
      1  f023				   .POINTER   SET	Ptr_A
      2  f023				   .DATA_BLOB SET	PF_Level_Colors
      3  f023		       a9 00		      lda	#<.DATA_BLOB
      4  f025		       85 83		      sta	.POINTER
      5  f027		       a9 f4		      lda	#>.DATA_BLOB
      6  f029		       85 84		      sta	.POINTER+1
    159  f02b							; PF_Level_Color
    160  f02b		       a0 04		      ldy	#$04	; todo --- this will be a seed into randomizing the colors selected! can go up to the length of PF_LEVEL_COLORS
    161  f02d		       a2 18		      ldx	#CONS_TILE_MAX-(#CONS_TILE_COLS*6)-1
    162  f02f				   loadLevelData_Colors
    163  f02f							;if we are greater than the top row, pull from our level data otherwise set it to CONS_COLOR_BORDERS
    164  f02f							;TODO -- this is going to have to read forwards instead of BACKWARDS.
    165  f02f							;TODO -- make this a subroutine.
    166  f02f		       b1 83		      lda	(Ptr_A),y
    167  f031		       95 89		      sta	PF_BallStates_All,x
    168  f033		       88		      dey
    169  f034		       10 02		      bpl	.repeatColors
    170  f036		       a0 04		      ldy	#$04
    171  f038				   .repeatColors
    172  f038		       ca		      dex
    173  f039		       10 f4		      bpl	loadLevelData_Colors
    174  f03b							;;;	    
    175  f03b							;;; Set ROW indexes for our max tiles for better writing later.
    176  f03b		       a9 37		      lda	#CONS_TILE_MAX
    177  f03d		       85 c6		      sta	PF_RowIndexes
    178  f03f		       a0 00		      ldy	#00
    179  f041		       a2 0b		      ldx	#CONS_TILE_ROWS
    180  f043				   loadRowIndex
    181  f043		       38		      sec
    182  f044		       e9 05		      sbc	#CONS_TILE_COLS
    183  f046		       99 c6 00 	      sta	PF_RowIndexes,y
    184  f049		       c8		      iny
    185  f04a		       ca		      dex
    186  f04b		       d0 f6		      bne	loadRowIndex
    187  f04d							;;;;;;;;;;;;;;;;;;;;;;;;;;;;;;;;;;;;;;;;;;;;;;;;;;;;;;;;;;;;;;;
    188  f04d		       a9 03		      lda	#$03
    189  f04f		       85 f1		      sta	PlayerLauncherIdx
    190  f051							;TODO -- more eligant start up
    191  f051		       a9 00		      lda	#CONS_PLAYER_STATE_AIMING
    192  f053		       85 f0		      sta	PlayerState
    193  f055							;;;;;;;;;;;;;;;;;;;;;;;;;;;;;;;;;;;;;;;;;;;;;;;;;;;;;;;;;;;;;;;
    194  f055							;;;;;;;;;;;;;;;;;;;;;;;;;;;;;;;;;;;;;;;;;;;;;;;;;;;;;;;;;;;;;;;
    195  f055							;;;;;;;;;;;;;;;;;;;;;;;;;;;;;;;;;;;;;;;;;;;;;;;;;;;;;;;;;;;;;;;	
    196  f055				   NextFrame
    197  f055		       4e 00 00 	      lsr	SWCHB	; test Game Reset switch
    198  f058		       90 a6		      bcc	Start	; reset?
    199  f05a							; 1 + 3 lines of VSYNC
puzzlebubble.a (200): error: Unknown Mnemonic 'VERTICAL_SYNC'.
    200  f05a					      VERTICAL_SYNC
puzzlebubble.a (201): error: Unknown Mnemonic 'TIMER_SETUP'.
    201  f05a					      TIMER_SETUP	37
    202  f05a		       20 d5 f1 	      jsr	setXPositionsForObjects	; Does not need to be sub routine, just like the cleanliness
    203  f05d
    204  f05d		       a9 01		      lda	#$01
    205  f05f		       8d 00 00 	      sta	CTRLPF
    206  f062		       a9 00		      lda	#CONS_COLOR_BLOCK_BACKGROUND
    207  f064		       8d 00 00 	      sta	COLUPF
    208  f067		       a9 00		      lda	#%00000000
    209  f069		       8d 00 00 	      sta	PF0
    210  f06c		       a9 ff		      lda	#%11111111
    211  f06e		       8d 00 00 	      sta	PF1
    212  f071		       a9 ff		      lda	#%11111111
    213  f073		       8d 00 00 	      sta	PF2
    214  f076		       85 81		      sta	LineIdx	; has to count UP
    215  f078
    216  f078		       a9 ff		      lda	#%11111111
    217  f07a		       8d 00 00 	      sta	GRP1
    218  f07d		       a9 70		      lda	#%01110000
    219  f07f		       8d 00 00 	      sta	NUSIZ1
    220  f082		       a9 02		      lda	#02
    221  f084		       8d 00 00 	      sta	ENAM1
    222  f087		       8d 00 00 	      sta	COLUBK
    223  f08a
puzzlebubble.a (224): error: Unknown Mnemonic 'TIMER_WAIT'.
    224  f08a					      TIMER_WAIT
    225  f08a							;;;;;;;;;;;;;;;;;;;;;;;;;;;;;;;;;;;;;;;;;;;;;;;;;;;;;;;;;;;;;;;	
    226  f08a							;;;;;;;;;;;;;;;;;;;;;;;;;;;;;;;;;;;;;;;;;;;;;;;;;;;;;;;;;;;;;;;    
    227  f08a							;;;;;;;;;;;;;;;;;;;;;;;;;;;;;;;;;;;;;;;;;;;;;;;;;;;;;;;;;;;;;;;  
    228  f08a							;;;;;;;;;;;;;;;;;;;;;;;;;;;;;;;;;;;;;;;;;;;;;;;;;;;;;;;;;;;;;;;
    229  f08a							;;;;;;;;;;;;;;;;;;;;;;;;;;;;;;;;;;;;;;;;;;;;;;;;;;;;;;;;;;;;;;;
    230  f08a							;;;;;;;;;;;;;;;;;;;;;;;;;;;;;;;;;;;;;;;;;;;;;;;;;;;;;;;;;;;;;;;
    231  f08a				   OnScreen
puzzlebubble.a (232): error: Unknown Mnemonic 'TIMER_SETUP'.
    232  f08a					      TIMER_SETUP	215	;195;214 -- include overscan here.
    233  f08a							;	ldy #02
    234  f08a							;Kernal_Delay_Top
    235  f08a							;	dey
    236  f08a							;	  sta WSYNC
    237  f08a							;	  bne Kernal_Delay_Top
    238  f08a							;;;;;;;;;;;;;;;;;;;;;;;;;;;;;;;;;;;;;;;;;;;;;;;;;;;;;;;;;;;;;;;
    239  f08a							;;;;;;;;;;;;;;;;;;;;;;;;;;;;;;;;;;;;;;;;;;;;;;;;;;;;;;;;;;;;;;;
    240  f08a		       a5 e2		      lda	PlayerColor
    241  f08c		       8d 00 00 	      sta	COLUP0
    242  f08f		       a9 0a		      lda	#CONS_TILE_ROWS-1
    243  f091		       85 82		      sta	RowIdx
    244  f093							;;;;;;;;;;;;;;;;;;;;;;;;;;;;;;;;;;;;;;;;;;;;;;;;;;;;;;;;;;;;;;;
    245  f093							;;;;;;;;;;;;;;;;;;;;;;;;;;;;;;;;;;;;;;;;;;;;;;;;;;;;;;;;;;;;;;;  
    246  f093				   Kernal_DrawBlocks_Row
    247  f093		       20 02 f2 	      jsr	setCurrentRowTileColors
    248  f096		       a0 0a		      ldy	#CONS_TILE_HEIGHT
    249  f098				   Kernal_DrawBlocks_Col
    250  f098		       8d 00 00 	      sta	WSYNC
    251  f09b		       a5 81		      lda	LineIdx
    252  f09d		       38		      sec
    253  f09e		       e5 db		      sbc	PlayerYPos
    254  f0a0		       c9 02		      cmp	#CONS_PLAYER_HEIGHT
    255  f0a2		       90 08		      bcc	.TurnOnPlayer
    256  f0a4		       a9 00		      lda	#$00
    257  f0a6		       8d 00 00 	      sta	GRP0
    258  f0a9		       4c b4 f0 	      jmp	.DrawPlayfield
    259  f0ac				   .TurnOnPlayer
    260  f0ac		       a9 ff		      lda	#CONS_PLAYER_WIDTH
    261  f0ae		       8d 00 00 	      sta	GRP0
    262  f0b1		       4c d6 f0 	      jmp	.nextLine
    263  f0b4				   .DrawPlayfield
    264  f0b4					      REPEAT	2	; max 3
    265  f0b4		       a5 c5		      lda	PF_BallStates_Current+5	; does nothing but looks "better"
    264  f0b4					      REPEND
    265  f0b6		       a5 c5		      lda	PF_BallStates_Current+5	; does nothing but looks "better"
    266  f0b8					      REPEND
    267  f0b8				  -	      REPEAT	0	; max 4
    268  f0b8				  -	      nop
    269  f0b8					      REPEND
    270  f0b8		       a5 c0		      lda	PF_BallStates_Current+0
    271  f0ba		       8d 00 00 	      sta	COLUPF
    272  f0bd		       a5 c1		      lda	PF_BallStates_Current+1
    273  f0bf		       8d 00 00 	      sta	COLUPF
    274  f0c2		       a5 c2		      lda	PF_BallStates_Current+2
    275  f0c4		       8d 00 00 	      sta	COLUPF
    276  f0c7		       a5 c3		      lda	PF_BallStates_Current+3
    277  f0c9		       8d 00 00 	      sta	COLUPF
    278  f0cc		       a5 c4		      lda	PF_BallStates_Current+4
    279  f0ce		       8d 00 00 	      sta	COLUPF
    280  f0d1							; always black but for timing needs to be here!
    281  f0d1		       a5 c5		      lda	PF_BallStates_Current+5
    282  f0d3		       8d 00 00 	      sta	COLUPF
    283  f0d6				   .nextLine
    284  f0d6		       e6 81		      inc	LineIdx
    285  f0d8		       88		      dey
    286  f0d9		       10 bd		      bpl	Kernal_DrawBlocks_Col
    287  f0db				   .nextSection
    288  f0db		       c6 82		      dec	RowIdx
    289  f0dd		       10 b4		      bpl	Kernal_DrawBlocks_Row
    290  f0df				   ClearForLauncher
    291  f0df		       a9 00		      lda	#CONS_COLOR_BLACK
    292  f0e1		       8d 00 00 	      sta	COLUBK
    293  f0e4		       a9 00		      lda	#$00
    294  f0e6		       8d 00 00 	      sta	PF0
    295  f0e9		       8d 00 00 	      sta	PF1
    296  f0ec		       8d 00 00 	      sta	PF2
    297  f0ef							;;;;;;;;;;;;;;;;;;;;;;;;;;;;;;;;;;;;;;;;;;;;;;;;;;;;;;;;;;;;;;;	
    298  f0ef							;;;;;;;;;;;;;;;;;;;;;;;;;;;;;;;;;;;;;;;;;;;;;;;;;;;;;;;;;;;;;;;    
    299  f0ef							;;;;;;;;;;;;;;;;;;;;;;;;;;;;;;;;;;;;;;;;;;;;;;;;;;;;;;;;;;;;;;;  
    300  f0ef							;;;;;;;;;;;;;;;;;;;;;;;;;;;;;;;;;;;;;;;;;;;;;;;;;;;;;;;;;;;;;;;
    301  f0ef							;;;;;;;;;;;;;;;;;;;;;;;;;;;;;;;;;;;;;;;;;;;;;;;;;;;;;;;;;;;;;;;
    302  f0ef							;;;;;;;;;;;;;;;;;;;;;;;;;;;;;;;;;;;;;;;;;;;;;;;;;;;;;;;;;;;;;;;
    303  f0ef		       a2 01		      ldx	#$01
    304  f0f1				   Kernal_Gap_Under_Blocks
    305  f0f1							;;;;;;;;;;;;;;;;;;;;;;;;;;;;;;;;;;;;;;;;;;;;;;;;;;;;;;;;;;;;;;;
    306  f0f1		       8d 00 00 	      sta	WSYNC
    307  f0f4		       e6 81		      inc	LineIdx
    308  f0f6		       a5 81		      lda	LineIdx
    309  f0f8		       38		      sec
    310  f0f9		       e5 db		      sbc	PlayerYPos
    311  f0fb		       c9 01		      cmp	#01
    312  f0fd		       90 05		      bcc	.TurnOnPlayer_2
    313  f0ff		       a9 00		      lda	#$00
    314  f101		       4c 06 f1 	      jmp	.nextLine_2
    315  f104				   .TurnOnPlayer_2
    316  f104		       a9 ff		      lda	#$ff
    317  f106				   .nextLine_2
    318  f106		       8d 00 00 	      sta	GRP0
    319  f109		       ca		      dex
    320  f10a		       d0 e5		      bne	Kernal_Gap_Under_Blocks
    321  f10c		       ea		      nop
    322  f10d							;;;;;;;;;;;;;;;;;;;;;;;;;;;;;;;;;;;;;;;;;;;;;;;;;;;;;;;;;;;;;;;	
    323  f10d							;;;;;;;;;;;;;;;;;;;;;;;;;;;;;;;;;;;;;;;;;;;;;;;;;;;;;;;;;;;;;;;    
    324  f10d							;;;;;;;;;;;;;;;;;;;;;;;;;;;;;;;;;;;;;;;;;;;;;;;;;;;;;;;;;;;;;;;  
    325  f10d							;;;;;;;;;;;;;;;;;;;;;;;;;;;;;;;;;;;;;;;;;;;;;;;;;;;;;;;;;;;;;;;
    326  f10d							;;;;;;;;;;;;;;;;;;;;;;;;;;;;;;;;;;;;;;;;;;;;;;;;;;;;;;;;;;;;;;;
    327  f10d				   Pre_Kernal_Launcher
    328  f10d		       a9 00		      lda	#$00
    329  f10f		       8d 00 00 	      sta	GRP1	; turn off wall
    330  f112		       8d 00 00 	      sta	ENAM1	; turn off wall
    331  f115
    332  f115		       a5 e3		      lda	PlayerColor+1	; sets launcher color
    333  f117		       8d 00 00 	      sta	COLUPF
    334  f11a
      0  f11a					      LOAD_POINTER_WITH_DATA	Ptr_A,Launcher_Drawing_CTRLPF
      1  f11a				   .POINTER   SET	Ptr_A
      2  f11a				   .DATA_BLOB SET	Launcher_Drawing_CTRLPF
      3  f11a		       a9 1b		      lda	#<.DATA_BLOB
      4  f11c		       85 83		      sta	.POINTER
      5  f11e		       a9 f4		      lda	#>.DATA_BLOB
      6  f120		       85 84		      sta	.POINTER+1
      0  f122					      LOAD_POINTER_WITH_DATA	Ptr_B,Launcher_Drawing_HMOVE_AND_Y
      1  f122				   .POINTER   SET	Ptr_B
      2  f122				   .DATA_BLOB SET	Launcher_Drawing_HMOVE_AND_Y
      3  f122		       a9 29		      lda	#<.DATA_BLOB
      4  f124		       85 85		      sta	.POINTER
      5  f126		       a9 f4		      lda	#>.DATA_BLOB
      6  f128		       85 86		      sta	.POINTER+1
    337  f12a		       a4 f1		      ldy	PlayerLauncherIdx
    338  f12c							; byte 1: ball size
    339  f12c		       b1 83		      lda	(Ptr_A),y
    340  f12e		       8d 00 00 	      sta	CTRLPF
    341  f131							; byte 2: per-scanline horizontal motion (ramp)
    342  f131		       b1 85		      lda	(Ptr_B),y
    343  f133		       8d 00 00 	      sta	HMBL
    344  f136							;TODO extract lower nibble from A,
    345  f136							; store it it into LineIdx
    346  f136		       29 0f		      and	#$0f
    347  f138		       85 81		      sta	LineIdx
    348  f13a		       a2 0a		      ldx	#CONS_TILE_HEIGHT	; must be this height!
    349  f13c				   Kernal_Launcher
    350  f13c							;;;;;;;;;;;;;;;;;;;;;;;;;;;;;;;;;;;;;;;;;;;;;;;;;;;;;;;;;;;;;;; 
    351  f13c
    352  f13c		       e4 81		      cpx	LineIdx
    353  f13e							;if the ball height is greater than LineIdx, do not turn on the ball
    354  f13e							; if it is LESS, turn on the ball and do our hmoves!
    355  f13e		       10 0e		      bpl	.skipTurnOnBall
    356  f140		       a9 02		      lda	#$02
    357  f142		       8d 00 00 	      sta	ENABL
    358  f145		       8d 00 00 	      sta	WSYNC
    359  f148		       8d 00 00 	      sta	HMOVE
    360  f14b		       4c 51 f1 	      jmp	.iterate
    361  f14e				   .skipTurnOnBall
    362  f14e		       8d 00 00 	      sta	WSYNC
    363  f151				   .iterate
    364  f151		       ca		      dex
    365  f152		       d0 e8		      bne	Kernal_Launcher
    366  f154							;;;;;;;;;;;;;;;;;;;;;;;;;;;;;;;;;;;;;;;;;;;;;;;;;;;;;;;;;;;;;;;     
    367  f154				   Pre_Kernal_Launcher_Base
    368  f154		       a9 00		      lda	#$00
    369  f156		       8d 00 00 	      sta	ENABL	; turn off ball
    370  f159		       a9 01		      lda	#%00000001
    371  f15b		       8d 00 00 	      sta	CTRLPF
    372  f15e		       a5 e3		      lda	PlayerColor+1
    373  f160		       8d 00 00 	      sta	COLUPF
    374  f163		       a0 06		      ldy	#$6
    375  f165				   Kernal_Launcher_Base
    376  f165							;;;;;;;;;;;;;;;;;;;;;;;;;;;;;;;;;;;;;;;;;;;;;;;;;;;;;;;;;;;;;;;
    377  f165		       8d 00 00 	      sta	WSYNC
    378  f168		       a9 e0		      lda	#$E0
    379  f16a		       8d 00 00 	      sta	PF2
    380  f16d		       88		      dey
    381  f16e		       d0 f5		      bne	Kernal_Launcher_Base
    382  f170							;;;;;;;;;;;;;;;;;;;;;;;;;;;;;;;;;;;;;;;;;;;;;;;;;;;;;;;;;;;;;;;
    383  f170				   Kernal_End
    384  f170							;;;;;;;;;;;;;;;;;;;;;;;;;;;;;;;;;;;;;;;;;;;;;;;;;;;;;;;;;;;;;;;
    385  f170		       a9 00		      lda	#CONS_COLOR_BLACK
    386  f172		       8d 00 00 	      sta	COLUPF
    387  f175		       a9 00		      lda	#$00
    388  f177		       8d 00 00 	      sta	GRP0
    389  f17a
    390  f17a		       a5 f0		      lda	PlayerState
    391  f17c							;These will be needed if efficiency dies.
    392  f17c							;cmp #CONS_PLAYER_STATE_COLLISION_CHECK
    393  f17c							;beq .checkCollision
    394  f17c		       c9 01		      cmp	#CONS_PLAYER_STATE_MOVING
    395  f17e		       f0 0d		      beq	.moveBall
    396  f180		       c9 03		      cmp	#CONS_PLAYER_STATE_COLLISION_SET
    397  f182		       f0 21		      beq	.setCollision
    398  f184				   .readUserImport
    399  f184		       20 1a f3 	      jsr	ReadJoystick
    400  f187		       20 e9 f2 	      jsr	SetBallMovementValues
    401  f18a		       4c b2 f1 	      jmp	OffScreen
    402  f18d				   .moveBall
    403  f18d		       20 24 f2 	      jsr	setBallPosition
    404  f190		       20 60 f2 	      jsr	getCollision
    405  f193		       c9 00		      cmp	#CONS_COLOR_BLOCK_BACKGROUND
    406  f195		       f0 07		      beq	.keepMoving
    407  f197		       a9 03		      lda	#CONS_PLAYER_STATE_COLLISION_SET
    408  f199		       85 f0		      sta	PlayerState
    409  f19b		       4c b2 f1 	      jmp	OffScreen
    410  f19e				   .keepMoving
    411  f19e		       a9 01		      lda	#CONS_PLAYER_STATE_MOVING
    412  f1a0				   .storeMoveState
    413  f1a0		       85 f0		      sta	PlayerState
    414  f1a2		       4c b2 f1 	      jmp	OffScreen
    415  f1a5				   .setCollision
    416  f1a5		       20 c2 f2 	      jsr	setCollision
    417  f1a8		       a9 00		      lda	#CONS_PLAYER_STATE_AIMING
    418  f1aa		       85 f0		      sta	PlayerState
    419  f1ac		       20 d1 f2 	      jsr	spawnBallAtLauncher
    420  f1af		       4c b2 f1 	      jmp	OffScreen
    421  f1b2							;;;;;;;;;;;;;;;;;;;;;;;;;;;;;;;;;;;;;;;;;;;;;;;;;;;;;;;;;;;;;;;
    422  f1b2							;;;;;;;;;;;;;;;;;;;;;;;;;;;;;;;;;;;;;;;;;;;;;;;;;;;;;;;;;;;;;;;
    423  f1b2							;;;;;;;;;;;;;;;;;;;;;;;;;;;;;;;;;;;;;;;;;;;;;;;;;;;;;;;;;;;;;;;
    424  f1b2							;;;;;;;;;;;;;;;;;;;;;;;;;;;;;;;;;;;;;;;;;;;;;;;;;;;;;;;;;;;;;;;
    425  f1b2							;;;;;;;;;;;;;;;;;;;;;;;;;;;;;;;;;;;;;;;;;;;;;;;;;;;;;;;;;;;;;;;
    426  f1b2				   OffScreen
    427  f1b2							;;;;;;;;;;;;;;;;;;;;;;;;;;;;;;;;;;;;;;;;;;;;;;;;;;;;;;;;;;;;;;;
    428  f1b2		       ea		      nop
puzzlebubble.a (429): error: Unknown Mnemonic 'TIMER_WAIT'.
    429  f1b2					      TIMER_WAIT
    430  f1b3							;;;;;;;;;;;;;;;;;;;;;;;;;;;;;;;;;;;;;;;;;;;;;;;;;;;;;;;;;;;;;;;
    431  f1b3							; Overscan
    432  f1b3							;;;;;;;;;;;;;;;;;;;;;;;;;;;;;;;;;;;;;;;;;;;;;;;;;;;;;;;;;;;;;;;
    433  f1b3							; 29 lines of overscan
puzzlebubble.a (434): error: Unknown Mnemonic 'TIMER_SETUP'.
    434  f1b3					      TIMER_SETUP	6
    435  f1b3		       ea		      nop
puzzlebubble.a (436): error: Unknown Mnemonic 'TIMER_WAIT'.
    436  f1b3					      TIMER_WAIT
    437  f1b4							; total = 262 lines, go to next frame
    438  f1b4		       4c 55 f0 	      jmp	NextFrame
    439  f1b7							;;;;;;;;;;;;;;;;;;;;;;;;;;;;;;;;;;;;;;;;;;;;;;;;;;;;;;;;;;;;;;;
    440  f1b7							; Subroutines
    441  f1b7							;;;;;;;;;;;;;;;;;;;;;;;;;;;;;;;;;;;;;;;;;;;;;;;;;;;;;;;;;;;;;;;
    442  f1b7							; SetHorizPos routine
    443  f1b7							; A = X coordinate
    444  f1b7							; X = player number (0 or 1)
    445  f1b7				   SetHorizPos
    446  f1b7		       8d 00 00 	      sta	WSYNC	; start a new line
    447  f1ba		       38		      sec		; set carry flag
    448  f1bb				   DivideLoop
    449  f1bb		       e9 0f		      sbc	#15	; subtract 15
    450  f1bd		       b0 fc		      bcs	DivideLoop	; branch until negative
    451  f1bf		       49 07		      eor	#7	; calculate fine offset
    452  f1c1		       0a		      asl
    453  f1c2		       0a		      asl
    454  f1c3		       0a		      asl
    455  f1c4		       0a		      asl
    456  f1c5		       9d 00 00 	      sta	RESP0,x	; fix coarse position
    457  f1c8		       9d 00 00 	      sta	HMP0,x	; set fine offset
    458  f1cb		       8d 00 00 	      sta	WSYNC
    459  f1ce		       8d 00 00 	      sta	HMOVE	; apply the previous fine position(s)
    460  f1d1		       8d 00 00 	      sta	HMCLR	; reset the old horizontal position(s)
    461  f1d4		       60		      rts		; return to caller
    462  f1d5							;-----------------------------------------	   
    463  f1d5				   setXPositionsForObjects
    464  f1d5		       a5 d4		      lda	PlayerXPos	; get X coordinate
    465  f1d7		       a2 00		      ldx	#0	; player 0
    466  f1d9		       20 b7 f1 	      jsr	SetHorizPos	; set coarse offset
    467  f1dc
    468  f1dc
    469  f1dc		       a9 1d		      lda	#CONS_LEFT_WALL-9	; get X coordinate
    470  f1de		       a2 01		      ldx	#1
    471  f1e0		       20 b7 f1 	      jsr	SetHorizPos
    472  f1e3
    473  f1e3		       a9 85		      lda	#CONS_RIGHT_WALL+10	; get X coordinate
    474  f1e5		       a2 03		      ldx	#3
    475  f1e7		       20 b7 f1 	      jsr	SetHorizPos
    476  f1ea
    477  f1ea							;;; AMG -- we are going to need to get rid of the funky loops....
      0  f1ea					      LOAD_POINTER_WITH_DATA	Ptr_A,Launcher_Drawing_X
      1  f1ea				   .POINTER   SET	Ptr_A
      2  f1ea				   .DATA_BLOB SET	Launcher_Drawing_X
      3  f1ea		       a9 22		      lda	#<.DATA_BLOB
      4  f1ec		       85 83		      sta	.POINTER
      5  f1ee		       a9 f4		      lda	#>.DATA_BLOB
      6  f1f0		       85 84		      sta	.POINTER+1
    479  f1f2		       a4 f1		      ldy	PlayerLauncherIdx
    480  f1f4		       b1 83		      lda	(Ptr_A),y
    481  f1f6		       a2 04		      ldx	#4
    482  f1f8		       20 b7 f1 	      jsr	SetHorizPos
    483  f1fb
    484  f1fb		       8d 00 00 	      sta	WSYNC	; sync w/ scanline
    485  f1fe		       8d 00 00 	      sta	HMOVE	; apply fine offsets
    486  f201		       60		      rts
    487  f202							;-----------------------------------------	   
    488  f202				   setCurrentRowTileColors
    489  f202							; get the row we will want to store it in current
    490  f202		       a6 82		      ldx	RowIdx
    491  f204		       b4 c6		      ldy	PF_RowIndexes,x
    492  f206		       b9 89 00 	      lda	PF_BallStates_All,y
    493  f209		       85 c0		      sta	PF_BallStates_Current
    494  f20b		       b9 8a 00 	      lda	PF_BallStates_All,y+1
    495  f20e		       85 c1		      sta	PF_BallStates_Current+1
    496  f210		       b9 8b 00 	      lda	PF_BallStates_All,y+2
    497  f213		       85 c2		      sta	PF_BallStates_Current+2
    498  f215		       b9 8c 00 	      lda	PF_BallStates_All,y+3
    499  f218		       85 c3		      sta	PF_BallStates_Current+3
    500  f21a		       b9 8d 00 	      lda	PF_BallStates_All,y+4
    501  f21d		       85 c4		      sta	PF_BallStates_Current+4
    502  f21f		       a9 00		      lda	#CONS_COLOR_BLOCK_BACKGROUND
    503  f221		       85 c5		      sta	PF_BallStates_Current+5
    504  f223		       60		      rts
    505  f224							;-----------------------------------------
    506  f224				   setBallPosition
    507  f224		       c6 de		      dec	Tick_PlayerY_Step
    508  f226		       10 0b		      bpl	.tickX
    509  f228		       a4 df		      ldy	Tick_PlayerY_Step+1
    510  f22a		       84 de		      sty	Tick_PlayerY_Step
    511  f22c				   .moveY
    512  f22c		       38		      sec
    513  f22d		       a5 db		      lda	PlayerYPos
    514  f22f		       e5 dd		      sbc	PlayerDirY
    515  f231		       85 db		      sta	PlayerYPos
    516  f233							;-----------------------------------------
    517  f233				   .tickX
    518  f233		       a5 d7		      lda	Tick_PlayerX_Step
    519  f235		       c9 ff		      cmp	#$FF
    520  f237		       f0 26		      beq	.endBallPosition
    521  f239		       c6 d7		      dec	Tick_PlayerX_Step
    522  f23b		       10 22		      bpl	.endBallPosition
    523  f23d		       a4 d8		      ldy	Tick_PlayerX_Step+1
    524  f23f		       84 d7		      sty	Tick_PlayerX_Step
    525  f241				   .moveX
    526  f241		       18		      clc
    527  f242		       a5 d4		      lda	PlayerXPos
    528  f244		       65 d6		      adc	PlayerDirX
    529  f246				   .adjustXFromLeftBoundry
    530  f246		       c9 26		      cmp	#CONS_LEFT_WALL
    531  f248		       b0 09		      bcs	.adjustXFromRightBoundry
    532  f24a		       a9 09		      lda	#CONS_PLAYER_SPEED_X
    533  f24c		       85 d6		      sta	PlayerDirX
    534  f24e		       a9 2f		      lda	#CONS_LEFT_WALL+#CONS_PLAYER_SPEED_X
    535  f250		       4c 5d f2 	      jmp	.endXPosition
    536  f253				   .adjustXFromRightBoundry
    537  f253		       c9 7b		      cmp	#CONS_RIGHT_WALL
    538  f255		       90 06		      bcc	.endXPosition
    539  f257		       a9 f7		      lda	#$00-CONS_PLAYER_SPEED_X
    540  f259		       85 d6		      sta	PlayerDirX
    541  f25b		       a9 72		      lda	#CONS_RIGHT_WALL-#CONS_PLAYER_SPEED_X
    542  f25d				   .endXPosition
    543  f25d		       85 d4		      sta	PlayerXPos
    544  f25f				   .endBallPosition
    545  f25f		       60		      rts
    546  f260							;-----------------------------------------
    547  f260				   getCollision
    548  f260							; Determine the playfield row from the ball bottom pixel.
    549  f260		       a5 db		      lda	PlayerYPos
    550  f262		       18		      clc
    551  f263		       69 01		      adc	#CONS_PLAYER_HEIGHT-1
    552  f265		       a2 00		      ldx	#0
    553  f267				   .calcCollisionRow
    554  f267		       c9 0a		      cmp	#CONS_TILE_HEIGHT
    555  f269		       90 0b		      bcc	.rowFound
    556  f26b		       38		      sec
    557  f26c		       e9 0a		      sbc	#CONS_TILE_HEIGHT
    558  f26e		       e8		      inx
    559  f26f		       e0 0b		      cpx	#CONS_TILE_ROWS
    560  f271		       f0 4a		      beq	.setBlankCollision
    561  f273		       4c 67 f2 	      jmp	.calcCollisionRow
    562  f276				   .rowFound
    563  f276		       e0 0b		      cpx	#CONS_TILE_ROWS
    564  f278		       f0 43		      beq	.setBlankCollision
    565  f27a							; Convert from top row index to PF_RowIndexes index (bottom-up array).
    566  f27a		       86 e0		      stx	PlayerCol
    567  f27c		       a9 0a		      lda	#CONS_TILE_ROWS-1
    568  f27e		       38		      sec
    569  f27f		       e5 e0		      sbc	PlayerCol
    570  f281		       85 d9		      sta	PlayerRow
    571  f283							; Determine the column from the ball leading collision edge.
    572  f283		       a5 d6		      lda	PlayerDirX
    573  f285		       30 08		      bmi	.useLeftBallEdge
    574  f287		       a5 d4		      lda	PlayerXPos
    575  f289		       18		      clc
    576  f28a		       69 07		      adc	#CONS_PLAYER_WIDTH_PIXELS-1
    577  f28c		       4c 91 f2 	      jmp	.calcCollisionX
    578  f28f				   .useLeftBallEdge
    579  f28f		       a5 d4		      lda	PlayerXPos
    580  f291				   .calcCollisionX
    581  f291		       38		      sec
    582  f292		       e9 26		      sbc	#CONS_LEFT_WALL
    583  f294		       30 27		      bmi	.setBlankCollision
    584  f296		       a2 00		      ldx	#0
    585  f298				   .calcCollisionCol
    586  f298		       c9 11		      cmp	#CONS_TILE_WIDTH
    587  f29a		       90 0b		      bcc	.colFound
    588  f29c		       38		      sec
    589  f29d		       e9 11		      sbc	#CONS_TILE_WIDTH
    590  f29f		       e8		      inx
    591  f2a0		       e0 05		      cpx	#CONS_TILE_COLS
    592  f2a2		       f0 19		      beq	.setBlankCollision
    593  f2a4		       4c 98 f2 	      jmp	.calcCollisionCol
    594  f2a7				   .colFound
    595  f2a7		       86 e0		      stx	PlayerCol
    596  f2a9							; Get the block color at the computed row/column.
    597  f2a9		       a5 d9		      lda	PlayerRow
    598  f2ab		       a8		      tay
    599  f2ac		       b9 c6 00 	      lda	PF_RowIndexes,y
    600  f2af		       18		      clc
    601  f2b0		       65 e0		      adc	PlayerCol
    602  f2b2		       a8		      tay
    603  f2b3		       b9 89 00 	      lda	PF_BallStates_All,y
    604  f2b6		       85 e4		      sta	PlayerColor+2
    605  f2b8		       c9 00		      cmp	#CONS_COLOR_BLOCK_BACKGROUND
    606  f2ba		       f0 01		      beq	.setBlankCollision
    607  f2bc		       60		      rts
    608  f2bd				   .setBlankCollision
    609  f2bd		       a9 00		      lda	#CONS_COLOR_BLOCK_BACKGROUND
    610  f2bf		       85 e4		      sta	PlayerColor+2
    611  f2c1				   .endGetcollision
    612  f2c1		       60		      rts
    613  f2c2							;-----------------------------------------
    614  f2c2							;TODO -- i ought to be able to do this faster and IDK why I cant!
    615  f2c2				   setCollision
    616  f2c2		       a4 d9		      ldy	PlayerRow
    617  f2c4		       b9 c6 00 	      lda	PF_RowIndexes,y
    618  f2c7		       18		      clc
    619  f2c8		       65 e0		      adc	PlayerCol
    620  f2ca		       a8		      tay
    621  f2cb		       a9 00		      lda	#CONS_COLOR_BLOCK_BACKGROUND	;PlayerColor
    622  f2cd		       99 89 00 	      sta	PF_BallStates_All,y
    623  f2d0		       60		      rts
    624  f2d1							;-----------------------------------------
    625  f2d1				   spawnBallAtLauncher
    626  f2d1							; Set player colors
    627  f2d1		       a9 c6		      lda	#CONS_COLOR_GREEN
    628  f2d3		       85 e2		      sta	PlayerColor
    629  f2d5		       a9 8d		      lda	#CONS_COLOR_TEAL
    630  f2d7		       85 e3		      sta	PlayerColor+1
    631  f2d9		       a9 00		      lda	#CONS_COLOR_BLOCK_BACKGROUND
    632  f2db		       85 e4		      sta	PlayerColor+2
    633  f2dd							; Set player Positions
    634  f2dd		       a9 4d		      lda	#CONS_LAUNCH_START_X
    635  f2df							; Set Player Speeds (only the FIRST time... TODO -- move this!)
    636  f2df		       85 d4		      sta	PlayerXPos
    637  f2e1							;---------------
    638  f2e1		       a9 78		      lda	#CONS_LAUNCH_START_Y
    639  f2e3		       85 db		      sta	PlayerYPos
    640  f2e5							;------------
    641  f2e5		       20 e9 f2 	      jsr	SetBallMovementValues
    642  f2e8							;------------
    643  f2e8		       60		      rts
    644  f2e9				   SetBallMovementValues
      0  f2e9					      LOAD_POINTER_WITH_DATA	Ptr_A,Launcher_Positions_PlayerXSpeed
      1  f2e9				   .POINTER   SET	Ptr_A
      2  f2e9				   .DATA_BLOB SET	Launcher_Positions_PlayerXSpeed
      3  f2e9		       a9 0d		      lda	#<.DATA_BLOB
      4  f2eb		       85 83		      sta	.POINTER
      5  f2ed		       a9 f4		      lda	#>.DATA_BLOB
      6  f2ef		       85 84		      sta	.POINTER+1
      0  f2f1					      LOAD_POINTER_WITH_DATA	Ptr_B,Launcher_Positions_PlayerXTicks
      1  f2f1				   .POINTER   SET	Ptr_B
      2  f2f1				   .DATA_BLOB SET	Launcher_Positions_PlayerXTicks
      3  f2f1		       a9 06		      lda	#<.DATA_BLOB
      4  f2f3		       85 85		      sta	.POINTER
      5  f2f5		       a9 f4		      lda	#>.DATA_BLOB
      6  f2f7		       85 86		      sta	.POINTER+1
      0  f2f9					      LOAD_POINTER_WITH_DATA	Ptr_C,Launcher_Positions_PlayerYTicks
      1  f2f9				   .POINTER   SET	Ptr_C
      2  f2f9				   .DATA_BLOB SET	Launcher_Positions_PlayerYTicks
      3  f2f9		       a9 14		      lda	#<.DATA_BLOB
      4  f2fb		       85 87		      sta	.POINTER
      5  f2fd		       a9 f4		      lda	#>.DATA_BLOB
      6  f2ff		       85 88		      sta	.POINTER+1
    648  f301		       a4 f1		      ldy	PlayerLauncherIdx
    649  f303		       b1 85		      lda	(Ptr_B),y
    650  f305		       85 d7		      sta	Tick_PlayerX_Step
    651  f307		       85 d8		      sta	Tick_PlayerX_Step+1
    652  f309		       c8		      iny
    653  f30a		       b1 83		      lda	(Ptr_A),y
    654  f30c		       85 d6		      sta	PlayerDirX
    655  f30e		       c8		      iny
    656  f30f		       b1 87		      lda	(Ptr_C),y
    657  f311		       85 de		      sta	Tick_PlayerY_Step
    658  f313		       85 df		      sta	Tick_PlayerY_Step+1
    659  f315							; TODO not really necessary but we will keep it
    660  f315		       a9 02		      lda	#CONS_PLAYER_SPEED_Y
    661  f317		       85 dd		      sta	PlayerDirY
    662  f319		       60		      rts
    663  f31a							;-----------------------------------------
    664  f31a							; SWCHA -- directional register
    665  f31a							; #%10000000 -- P1 Right
    666  f31a							; #%01000000 -- P1 left
    667  f31a							; #%00100000 -- P1 down
    668  f31a							; #%00010000 -- P1 up
    669  f31a							; #%00001000 -- P0 Right
    670  f31a							; #%00000100 -- P0 left
    671  f31a							; #%00000010 -- P0 down
    672  f31a							; #%00000001 -- P0 up
    673  f31a				   ReadJoystick
    674  f31a		       a9 00		      lda	#%00000000
    675  f31c		       85 f2		      sta	PlayerInputSettings	; Set current input state to 0
    676  f31e
    677  f31e				   .checkLeft
    678  f31e		       a9 40		      lda	#%01000000
    679  f320		       2c 00 00 	      bit	SWCHA	; Read Joystick directions`
    680  f323		       d0 06		      bne	.checkRight	; If 0, Left is pressed
    681  f325
    682  f325		       a5 f2		      lda	PlayerInputSettings
    683  f327		       09 01		      ora	#%00000001	; Left bit
    684  f329		       85 f2		      sta	PlayerInputSettings
    685  f32b				   .checkRight
    686  f32b		       a9 80		      lda	#%10000000
    687  f32d		       2c 00 00 	      bit	SWCHA	; Mask for Bit 7
    688  f330		       d0 06		      bne	.checkbutton	; If 0, Right is pressed
    689  f332
    690  f332		       a5 f2		      lda	PlayerInputSettings
    691  f334		       09 02		      ora	#%00000010	; Right bit
    692  f336		       85 f2		      sta	PlayerInputSettings
    693  f338
    694  f338				   .checkbutton
    695  f338		       2c 00 00 	      bit	INPT4
    696  f33b		       30 06		      bmi	.determineJoystickAction	; released
    697  f33d		       a5 f2		      lda	PlayerInputSettings
    698  f33f		       09 04		      ora	#%00000100
    699  f341		       85 f2		      sta	PlayerInputSettings
    700  f343
    701  f343				   .determineJoystickAction
    702  f343		       a5 f2		      lda	PlayerInputSettings
    703  f345		       d0 38		      bne	.storeCurrentInput
    704  f347		       a5 f3		      lda	PlayerInputSettings+1
    705  f349		       f0 34		      beq	.storeCurrentInput
    706  f34b
    707  f34b		       aa		      tax
    708  f34c							; Fire on release
    709  f34c		       29 04		      and	#%00000100
    710  f34e		       d0 2b		      bne	.fireOnRelease
    711  f350
    712  f350		       8a		      txa
    713  f351		       29 01		      and	#%00000001
    714  f353		       d0 08		      bne	.leftOnRelease
    715  f355
    716  f355		       8a		      txa
    717  f356		       29 02		      and	#%00000010
    718  f358		       d0 11		      bne	.rightOnRelease
    719  f35a		       4c 7f f3 	      jmp	.storeCurrentInput
    720  f35d
    721  f35d				   .leftOnRelease
    722  f35d		       38		      sec
    723  f35e		       a5 f1		      lda	PlayerLauncherIdx
    724  f360		       e9 01		      sbc	#CONS_LAUNCHER_IDX_STEP
    725  f362		       10 02		      bpl	.storeLeftIdx
    726  f364		       a9 00		      lda	#$00
    727  f366				   .storeLeftIdx
    728  f366		       85 f1		      sta	PlayerLauncherIdx
    729  f368		       4c 7f f3 	      jmp	.storeCurrentInput
    730  f36b
    731  f36b				   .rightOnRelease
    732  f36b		       18		      clc
    733  f36c		       a5 f1		      lda	PlayerLauncherIdx
    734  f36e		       69 01		      adc	#CONS_LAUNCHER_IDX_STEP
    735  f370		       c9 06		      cmp	#$06
    736  f372		       90 02		      bcc	.storeRightIdx
    737  f374		       a9 06		      lda	#$06
    738  f376				   .storeRightIdx
    739  f376		       85 f1		      sta	PlayerLauncherIdx
    740  f378		       4c 7f f3 	      jmp	.storeCurrentInput
    741  f37b
    742  f37b				   .fireOnRelease
    743  f37b		       a9 01		      lda	#CONS_PLAYER_STATE_MOVING
    744  f37d		       85 f0		      sta	PlayerState
    745  f37f				   .storeCurrentInput
    746  f37f		       a5 f2		      lda	PlayerInputSettings
    747  f381		       85 f3		      sta	PlayerInputSettings+1
    748  f383				   .endJoystickCheck
    749  f383		       60		      rts
    750  f384							;;;;;;;;;;;;;;;;;;;;;;;;;;;;;;;;;;;;;;;;;;;;;;;;;;;;;;;;;;;;;;;
    751  f384
    752  f384							;;;;;;;;;;;;;;;;;;;;;;;;;;;;;;;;;;;;;;;;;;;;;;;;;;;;;;;;;;;;;;;
    753  f384							; Data
    754  f384							;;;;;;;;;;;;;;;;;;;;;;;;;;;;;;;;;;;;;;;;;;;;;;;;;;;;;;;;;;;;;;;
    755  f400		       00 00 00 00*	      align	$100
    756  f400				   PF_Level_Colors
    757  f400		       46		      .byte.b	#CONS_COLOR_RED
    758  f401		       38		      .byte.b	#CONS_COLOR_ORANGE
    759  f402		       1e		      .byte.b	#CONS_COLOR_YELLOW
    760  f403		       c6		      .byte.b	#CONS_COLOR_GREEN
    761  f404		       64		      .byte.b	#CONS_COLOR_PURPLE
    762  f405		       a6		      .byte.b	#CONS_COLOR_BLUE
    763  f406							;-----------------------------------------
    764  f406				   Launcher_Positions_PlayerXTicks
    765  f406							; FF means do not MOVE at all
    766  f406		       01		      .byte.b	#$01	; Left Center 3
    767  f407		       02		      .byte.b	#$02	; Left Center 2
    768  f408		       03		      .byte.b	#$03	; Left Center 1
    769  f409		       ff		      .byte.b	#$FF	; Center
    770  f40a		       03		      .byte.b	#$03	; Right Center 1
    771  f40b		       02		      .byte.b	#$02	; Right Center 2
    772  f40c		       01		      .byte.b	#$01	; Right Center 3
    773  f40d				   Launcher_Positions_PlayerXSpeed
    774  f40d		       09		      .byte.b	#CONS_PLAYER_SPEED_X+#$00	; Left Center 3
    775  f40e		       09		      .byte.b	#CONS_PLAYER_SPEED_X+#$00	; Left Center 2
    776  f40f		       09		      .byte.b	#CONS_PLAYER_SPEED_X+#$00	; Left Center 1
    777  f410		       09		      .byte.b	#CONS_PLAYER_SPEED_X+#$00	; Center
    778  f411		       09		      .byte.b	#CONS_PLAYER_SPEED_X+#$00	; Right Center 1
    779  f412		       09		      .byte.b	#CONS_PLAYER_SPEED_X+#$00	; Right Center 2
    780  f413		       09		      .byte.b	#CONS_PLAYER_SPEED_X+#$00	; Right Center 3
    781  f414				   Launcher_Positions_PlayerYTicks
    782  f414		       03		      .byte.b	#$03	; Left Center 3
    783  f415		       02		      .byte.b	#$02	; Left Center 2
    784  f416		       01		      .byte.b	#$01	; Left Center 1
    785  f417		       00		      .byte.b	#$00	; Center
    786  f418		       01		      .byte.b	#$01	; Right Center 1
    787  f419		       02		      .byte.b	#$02	; Right Center 2
    788  f41a		       03		      .byte.b	#$03	; Right Center 3
    789  f41b							;-----------------------------------------
    790  f41b				   Launcher_Drawing_CTRLPF
    791  f41b							; X start | Ball size (only LEFT aka HIGH nibble as well!)| HMOVE (only high nibble)
    792  f41b							; Ball size chart
    793  f41b							; 0000xxxx = 1 px
    794  f41b							; 0001xxxx = 2 px
    795  f41b							; 0010xxxx = 4 px
    796  f41b							; 0011xxxx = 8 px
    797  f41b		       31		      .byte.b	#%00110001	; Left Center 3
    798  f41c		       21		      .byte.b	#%00100001	; Left Center 2
    799  f41d		       11		      .byte.b	#%00010001	; Left Center 1
    800  f41e		       01		      .byte.b	#%00000001	; Center
    801  f41f		       11		      .byte.b	#%00010001	; Right Center 1
    802  f420		       21		      .byte.b	#%00100001	; Right Center 2
    803  f421		       31		      .byte.b	#%00110001	; Right Center 3
    804  f422				   Launcher_Drawing_X
    805  f422		       4a		      .byte.b	#CONS_LAUNCH_START_X-3	; Left Center 2
    806  f423		       4b		      .byte.b	#CONS_LAUNCH_START_X-2	; Left Center 2
    807  f424		       4d		      .byte.b	#CONS_LAUNCH_START_X-0	; Left Center 1
    808  f425		       53		      .byte.b	#CONS_LAUNCH_START_X+6	; Center
    809  f426		       59		      .byte.b	#CONS_LAUNCH_START_X+12	; Right Center 1
    810  f427		       59		      .byte.b	#CONS_LAUNCH_START_X+12	; Right Center 2
    811  f428		       56		      .byte.b	#CONS_LAUNCH_START_X+9	; Right Center 3
    812  f429				   Launcher_Drawing_HMOVE_AND_Y
    813  f429							; higher nibble is HMOVE,
    814  f429							; Lower nibble is gap for Y
    815  f429							; A == 10 aka full fight
    816  f429		       d3		      .byte.b	#$D3	; Left Center 3
    817  f42a		       e5		      .byte.b	#$E5	; Left Center 2
    818  f42b		       f8		      .byte.b	#$F8	; Left Center 1
    819  f42c		       0a		      .byte.b	#$0A	; Center
    820  f42d		       18		      .byte.b	#$18	; Right Center 1
    821  f42e		       25		      .byte.b	#$25	; Right Center 2
    822  f42f		       33		      .byte.b	#$33	; Right Center 3
    823  f430							;-----------------------------------------
    824  f430
    825  f430							;;;;;;;;;;;;;;;;;;;;;;;;;;;;;;;;;;;;;;;;;;;;;;;;;;;;;;;;;;;;;;;
    826  f430							; Epilogue
    827  f430							;;;;;;;;;;;;;;;;;;;;;;;;;;;;;;;;;;;;;;;;;;;;;;;;;;;;;;;;;;;;;;;
    828  fffc					      org	$fffc
    829  fffc		       00 f0		      .word.w	Start	; reset vector
    830  fffe		       00 f0		      .word.w	Start	; BRK vector
